0 info it worked if it ends with ok
1 verbose cli [ '/home/mbelev/.nvm/v0.10.32/bin/node',
1 verbose cli   '/home/mbelev/.nvm/v0.10.32/bin/npm',
1 verbose cli   'install',
1 verbose cli   'mongoose-autoincrement',
1 verbose cli   '--save' ]
2 info using npm@1.4.28
3 info using node@v0.10.32
4 warn package.json scraper-to-read-whole-hacker-news@1.0.0 No description
5 warn package.json scraper-to-read-whole-hacker-news@1.0.0 No repository field.
6 warn package.json scraper-to-read-whole-hacker-news@1.0.0 No README data
7 verbose readDependencies using package.json deps
8 verbose cache add [ 'mongoose-autoincrement', null ]
9 verbose cache add name=undefined spec="mongoose-autoincrement" args=["mongoose-autoincrement",null]
10 verbose parsed url { protocol: null,
10 verbose parsed url   slashes: null,
10 verbose parsed url   auth: null,
10 verbose parsed url   host: null,
10 verbose parsed url   port: null,
10 verbose parsed url   hostname: null,
10 verbose parsed url   hash: null,
10 verbose parsed url   search: null,
10 verbose parsed url   query: null,
10 verbose parsed url   pathname: 'mongoose-autoincrement',
10 verbose parsed url   path: 'mongoose-autoincrement',
10 verbose parsed url   href: 'mongoose-autoincrement' }
11 silly lockFile fb8c0ec8-mongoose-autoincrement mongoose-autoincrement
12 verbose lock mongoose-autoincrement /home/mbelev/.npm/fb8c0ec8-mongoose-autoincrement.lock
13 silly lockFile fb8c0ec8-mongoose-autoincrement mongoose-autoincrement
14 silly lockFile fb8c0ec8-mongoose-autoincrement mongoose-autoincrement
15 verbose addNamed [ 'mongoose-autoincrement', '' ]
16 verbose addNamed [ null, '*' ]
17 silly lockFile 2cfaf68f-mongoose-autoincrement mongoose-autoincrement@
18 verbose lock mongoose-autoincrement@ /home/mbelev/.npm/2cfaf68f-mongoose-autoincrement.lock
19 silly addNameRange { name: 'mongoose-autoincrement', range: '*', hasData: false }
20 verbose request where is /mongoose-autoincrement
21 verbose request registry https://registry.npmjs.org/
22 verbose request id 01c7267b98e17d14
23 verbose url raw /mongoose-autoincrement
24 verbose url resolving [ 'https://registry.npmjs.org/', './mongoose-autoincrement' ]
25 verbose url resolved https://registry.npmjs.org/mongoose-autoincrement
26 verbose request where is https://registry.npmjs.org/mongoose-autoincrement
27 info trying registry request attempt 1 at 19:51:57
28 http GET https://registry.npmjs.org/mongoose-autoincrement
29 http 404 https://registry.npmjs.org/mongoose-autoincrement
30 verbose headers { date: 'Sun, 19 Oct 2014 16:51:58 GMT',
30 verbose headers   server: 'CouchDB/1.5.0 (Erlang OTP/R16B03)',
30 verbose headers   'content-type': 'application/json',
30 verbose headers   'cache-control': 'max-age=0',
30 verbose headers   'content-length': '52',
30 verbose headers   'accept-ranges': 'bytes',
30 verbose headers   via: '1.1 varnish',
30 verbose headers   age: '0',
30 verbose headers   'x-served-by': 'cache-ams4129-AMS',
30 verbose headers   'x-cache': 'MISS',
30 verbose headers   'x-cache-hits': '0',
30 verbose headers   'x-timer': 'S1413737517.846055,VS0,VE167',
30 verbose headers   'keep-alive': 'timeout=10, max=50',
30 verbose headers   connection: 'Keep-Alive' }
31 silly registry.get cb [ 404,
31 silly registry.get   { date: 'Sun, 19 Oct 2014 16:51:58 GMT',
31 silly registry.get     server: 'CouchDB/1.5.0 (Erlang OTP/R16B03)',
31 silly registry.get     'content-type': 'application/json',
31 silly registry.get     'cache-control': 'max-age=0',
31 silly registry.get     'content-length': '52',
31 silly registry.get     'accept-ranges': 'bytes',
31 silly registry.get     via: '1.1 varnish',
31 silly registry.get     age: '0',
31 silly registry.get     'x-served-by': 'cache-ams4129-AMS',
31 silly registry.get     'x-cache': 'MISS',
31 silly registry.get     'x-cache-hits': '0',
31 silly registry.get     'x-timer': 'S1413737517.846055,VS0,VE167',
31 silly registry.get     'keep-alive': 'timeout=10, max=50',
31 silly registry.get     connection: 'Keep-Alive' } ]
32 silly lockFile 2cfaf68f-mongoose-autoincrement mongoose-autoincrement@
33 silly lockFile 2cfaf68f-mongoose-autoincrement mongoose-autoincrement@
34 error 404 404 Not Found: mongoose-autoincrement
34 error 404
34 error 404 'mongoose-autoincrement' is not in the npm registry.
34 error 404 You should bug the author to publish it
34 error 404 It was specified as a dependency of 'scraper-to-read-whole-hacker-news'
34 error 404
34 error 404 Note that you can also install from a
34 error 404 tarball, folder, or http url, or git url.
35 error System Linux 3.13.0-38-generic
36 error command "/home/mbelev/.nvm/v0.10.32/bin/node" "/home/mbelev/.nvm/v0.10.32/bin/npm" "install" "mongoose-autoincrement" "--save"
37 error cwd /home/mbelev/Documents/Programming/HackBulgaria/week1/scraper-to-read-whole-hacker-news
38 error node -v v0.10.32
39 error npm -v 1.4.28
40 error code E404
41 verbose exit [ 1, true ]
